2016-12-16 02:22:59,628 - Log4JLogChute initialized using file 'velocity.log'
2016-12-16 02:22:59,630 - Velocity was not initialized! Calling init()...
2016-12-16 02:22:59,630 - Starting Apache Velocity v1.5 (compiled: 2007-02-22 08:52:29)
2016-12-16 02:22:59,630 - Default Properties File: org\apache\velocity\runtime\defaults\velocity.properties
2016-12-16 02:22:59,630 - Trying to use logger class org.apache.velocity.runtime.log.AvalonLogChute
2016-12-16 02:22:59,651 - Couldn't find class org.apache.velocity.runtime.log.AvalonLogChute or necessary supporting classes in classpath.
java.lang.NoClassDefFoundError: org/apache/log/format/Formatter
	at java.lang.Class.forName0(Native Method)
	at java.lang.Class.forName(Class.java:270)
	at org.apache.velocity.util.ClassUtils.getClass(ClassUtils.java:63)
	at org.apache.velocity.util.ClassUtils.getNewInstance(ClassUtils.java:95)
	at org.apache.velocity.runtime.log.LogManager.createLogChute(LogManager.java:147)
	at org.apache.velocity.runtime.log.LogManager.updateLog(LogManager.java:208)
	at org.apache.velocity.runtime.RuntimeInstance.initializeLog(RuntimeInstance.java:728)
	at org.apache.velocity.runtime.RuntimeInstance.init(RuntimeInstance.java:240)
	at org.apache.velocity.runtime.RuntimeInstance.parse(RuntimeInstance.java:993)
	at org.apache.velocity.runtime.RuntimeInstance.parse(RuntimeInstance.java:972)
	at org.apache.velocity.runtime.RuntimeSingleton.parse(RuntimeSingleton.java:265)
	at org.apache.velocity.app.Velocity.evaluate(Velocity.java:274)
	at org.sonatype.mavenbook.weather.WeatherFormatter.format(WeatherFormatter.java:21)
	at org.sonatype.mavenbook.weather.yahoo.WeatherFormatterTest.testFormat(WeatherFormatterTest.java:23)
	at sun.reflect.NativeMethodAccessorImpl.invoke0(Native Method)
	at sun.reflect.NativeMethodAccessorImpl.invoke(NativeMethodAccessorImpl.java:57)
	at sun.reflect.DelegatingMethodAccessorImpl.invoke(DelegatingMethodAccessorImpl.java:43)
	at java.lang.reflect.Method.invoke(Method.java:606)
	at junit.framework.TestCase.runTest(TestCase.java:176)
	at junit.framework.TestCase.runBare(TestCase.java:141)
	at junit.framework.TestResult$1.protect(TestResult.java:122)
	at junit.framework.TestResult.runProtected(TestResult.java:142)
	at junit.framework.TestResult.run(TestResult.java:125)
	at junit.framework.TestCase.run(TestCase.java:129)
	at junit.framework.TestSuite.runTest(TestSuite.java:252)
	at junit.framework.TestSuite.run(TestSuite.java:247)
	at org.junit.internal.runners.JUnit38ClassRunner.run(JUnit38ClassRunner.java:86)
	at org.apache.maven.surefire.junit4.JUnit4Provider.execute(JUnit4Provider.java:252)
	at org.apache.maven.surefire.junit4.JUnit4Provider.executeTestSet(JUnit4Provider.java:141)
	at org.apache.maven.surefire.junit4.JUnit4Provider.invoke(JUnit4Provider.java:112)
	at sun.reflect.NativeMethodAccessorImpl.invoke0(Native Method)
	at sun.reflect.NativeMethodAccessorImpl.invoke(NativeMethodAccessorImpl.java:57)
	at sun.reflect.DelegatingMethodAccessorImpl.invoke(DelegatingMethodAccessorImpl.java:43)
	at java.lang.reflect.Method.invoke(Method.java:606)
	at org.apache.maven.surefire.util.ReflectionUtils.invokeMethodWithArray(ReflectionUtils.java:189)
	at org.apache.maven.surefire.booter.ProviderFactory$ProviderProxy.invoke(ProviderFactory.java:165)
	at org.apache.maven.surefire.booter.ProviderFactory.invokeProvider(ProviderFactory.java:85)
	at org.apache.maven.surefire.booter.ForkedBooter.runSuitesInProcess(ForkedBooter.java:115)
	at org.apache.maven.surefire.booter.ForkedBooter.main(ForkedBooter.java:75)
Caused by: java.lang.ClassNotFoundException: org.apache.log.format.Formatter
	at java.net.URLClassLoader$1.run(URLClassLoader.java:366)
	at java.net.URLClassLoader$1.run(URLClassLoader.java:355)
	at java.security.AccessController.doPrivileged(Native Method)
	at java.net.URLClassLoader.findClass(URLClassLoader.java:354)
	at java.lang.ClassLoader.loadClass(ClassLoader.java:425)
	at sun.misc.Launcher$AppClassLoader.loadClass(Launcher.java:308)
	at java.lang.ClassLoader.loadClass(ClassLoader.java:358)
	... 39 more
2016-12-16 02:22:59,657 - Trying to use logger class org.apache.velocity.runtime.log.Log4JLogChute
2016-12-16 02:22:59,657 - Using logger class org.apache.velocity.runtime.log.Log4JLogChute
2016-12-16 02:22:59,662 - Default ResourceManager initializing. (class org.apache.velocity.runtime.resource.ResourceManagerImpl)
2016-12-16 02:22:59,670 - ResourceLoader instantiated: org.apache.velocity.runtime.resource.loader.FileResourceLoader
2016-12-16 02:22:59,672 - Do unicode file recognition:  false
2016-12-16 02:22:59,673 - FileResourceLoader : adding path '.'
2016-12-16 02:22:59,750 - ResourceCache: initialized (class org.apache.velocity.runtime.resource.ResourceCacheImpl)
2016-12-16 02:22:59,755 - Loaded System Directive: org.apache.velocity.runtime.directive.Literal
2016-12-16 02:22:59,759 - Loaded System Directive: org.apache.velocity.runtime.directive.Macro
2016-12-16 02:22:59,763 - Loaded System Directive: org.apache.velocity.runtime.directive.Parse
2016-12-16 02:22:59,767 - Loaded System Directive: org.apache.velocity.runtime.directive.Include
2016-12-16 02:22:59,769 - Loaded System Directive: org.apache.velocity.runtime.directive.Foreach
2016-12-16 02:22:59,837 - Created '20' parsers.
2016-12-16 02:22:59,854 - Velocimacro : "velocimacro.library" is not set.  Trying default library: VM_global_library.vm
2016-12-16 02:22:59,855 - Velocimacro : Default library not found.
2016-12-16 02:22:59,855 - Velocimacro : allowInline = true : VMs can be defined inline in templates
2016-12-16 02:22:59,855 - Velocimacro : allowInlineToOverride = false : VMs defined inline may NOT replace previous VM definitions
2016-12-16 02:22:59,855 - Velocimacro : allowInlineLocal = false : VMs defined inline will be global in scope if allowed.
2016-12-16 02:22:59,855 - Velocimacro : autoload off : VM system will not automatically reload global library macros
2016-12-16 02:42:30,134 - Log4JLogChute initialized using file 'velocity.log'
2016-12-16 02:42:30,135 - Velocity was not initialized! Calling init()...
2016-12-16 02:42:30,136 - Starting Apache Velocity v1.5 (compiled: 2007-02-22 08:52:29)
2016-12-16 02:42:30,136 - Default Properties File: org\apache\velocity\runtime\defaults\velocity.properties
2016-12-16 02:42:30,136 - Trying to use logger class org.apache.velocity.runtime.log.AvalonLogChute
2016-12-16 02:42:30,139 - Couldn't find class org.apache.velocity.runtime.log.AvalonLogChute or necessary supporting classes in classpath.
java.lang.NoClassDefFoundError: org/apache/log/format/Formatter
	at java.lang.Class.forName0(Native Method)
	at java.lang.Class.forName(Class.java:270)
	at org.apache.velocity.util.ClassUtils.getClass(ClassUtils.java:63)
	at org.apache.velocity.util.ClassUtils.getNewInstance(ClassUtils.java:95)
	at org.apache.velocity.runtime.log.LogManager.createLogChute(LogManager.java:147)
	at org.apache.velocity.runtime.log.LogManager.updateLog(LogManager.java:208)
	at org.apache.velocity.runtime.RuntimeInstance.initializeLog(RuntimeInstance.java:728)
	at org.apache.velocity.runtime.RuntimeInstance.init(RuntimeInstance.java:240)
	at org.apache.velocity.runtime.RuntimeInstance.parse(RuntimeInstance.java:993)
	at org.apache.velocity.runtime.RuntimeInstance.parse(RuntimeInstance.java:972)
	at org.apache.velocity.runtime.RuntimeSingleton.parse(RuntimeSingleton.java:265)
	at org.apache.velocity.app.Velocity.evaluate(Velocity.java:274)
	at org.sonatype.mavenbook.weather.WeatherFormatter.format(WeatherFormatter.java:21)
	at org.sonatype.mavenbook.weather.yahoo.WeatherFormatterTest.testFormat(WeatherFormatterTest.java:23)
	at sun.reflect.NativeMethodAccessorImpl.invoke0(Native Method)
	at sun.reflect.NativeMethodAccessorImpl.invoke(NativeMethodAccessorImpl.java:57)
	at sun.reflect.DelegatingMethodAccessorImpl.invoke(DelegatingMethodAccessorImpl.java:43)
	at java.lang.reflect.Method.invoke(Method.java:606)
	at junit.framework.TestCase.runTest(TestCase.java:176)
	at junit.framework.TestCase.runBare(TestCase.java:141)
	at junit.framework.TestResult$1.protect(TestResult.java:122)
	at junit.framework.TestResult.runProtected(TestResult.java:142)
	at junit.framework.TestResult.run(TestResult.java:125)
	at junit.framework.TestCase.run(TestCase.java:129)
	at junit.framework.TestSuite.runTest(TestSuite.java:252)
	at junit.framework.TestSuite.run(TestSuite.java:247)
	at org.junit.internal.runners.JUnit38ClassRunner.run(JUnit38ClassRunner.java:86)
	at org.apache.maven.surefire.junit4.JUnit4Provider.execute(JUnit4Provider.java:252)
	at org.apache.maven.surefire.junit4.JUnit4Provider.executeTestSet(JUnit4Provider.java:141)
	at org.apache.maven.surefire.junit4.JUnit4Provider.invoke(JUnit4Provider.java:112)
	at sun.reflect.NativeMethodAccessorImpl.invoke0(Native Method)
	at sun.reflect.NativeMethodAccessorImpl.invoke(NativeMethodAccessorImpl.java:57)
	at sun.reflect.DelegatingMethodAccessorImpl.invoke(DelegatingMethodAccessorImpl.java:43)
	at java.lang.reflect.Method.invoke(Method.java:606)
	at org.apache.maven.surefire.util.ReflectionUtils.invokeMethodWithArray(ReflectionUtils.java:189)
	at org.apache.maven.surefire.booter.ProviderFactory$ProviderProxy.invoke(ProviderFactory.java:165)
	at org.apache.maven.surefire.booter.ProviderFactory.invokeProvider(ProviderFactory.java:85)
	at org.apache.maven.surefire.booter.ForkedBooter.runSuitesInProcess(ForkedBooter.java:115)
	at org.apache.maven.surefire.booter.ForkedBooter.main(ForkedBooter.java:75)
Caused by: java.lang.ClassNotFoundException: org.apache.log.format.Formatter
	at java.net.URLClassLoader$1.run(URLClassLoader.java:366)
	at java.net.URLClassLoader$1.run(URLClassLoader.java:355)
	at java.security.AccessController.doPrivileged(Native Method)
	at java.net.URLClassLoader.findClass(URLClassLoader.java:354)
	at java.lang.ClassLoader.loadClass(ClassLoader.java:425)
	at sun.misc.Launcher$AppClassLoader.loadClass(Launcher.java:308)
	at java.lang.ClassLoader.loadClass(ClassLoader.java:358)
	... 39 more
2016-12-16 02:42:30,147 - Trying to use logger class org.apache.velocity.runtime.log.Log4JLogChute
2016-12-16 02:42:30,147 - Using logger class org.apache.velocity.runtime.log.Log4JLogChute
2016-12-16 02:42:30,152 - Default ResourceManager initializing. (class org.apache.velocity.runtime.resource.ResourceManagerImpl)
2016-12-16 02:42:30,160 - ResourceLoader instantiated: org.apache.velocity.runtime.resource.loader.FileResourceLoader
2016-12-16 02:42:30,162 - Do unicode file recognition:  false
2016-12-16 02:42:30,162 - FileResourceLoader : adding path '.'
2016-12-16 02:42:30,182 - ResourceCache: initialized (class org.apache.velocity.runtime.resource.ResourceCacheImpl)
2016-12-16 02:42:30,185 - Loaded System Directive: org.apache.velocity.runtime.directive.Literal
2016-12-16 02:42:30,187 - Loaded System Directive: org.apache.velocity.runtime.directive.Macro
2016-12-16 02:42:30,189 - Loaded System Directive: org.apache.velocity.runtime.directive.Parse
2016-12-16 02:42:30,191 - Loaded System Directive: org.apache.velocity.runtime.directive.Include
2016-12-16 02:42:30,193 - Loaded System Directive: org.apache.velocity.runtime.directive.Foreach
2016-12-16 02:42:30,235 - Created '20' parsers.
2016-12-16 02:42:30,247 - Velocimacro : "velocimacro.library" is not set.  Trying default library: VM_global_library.vm
2016-12-16 02:42:30,247 - Velocimacro : Default library not found.
2016-12-16 02:42:30,247 - Velocimacro : allowInline = true : VMs can be defined inline in templates
2016-12-16 02:42:30,247 - Velocimacro : allowInlineToOverride = false : VMs defined inline may NOT replace previous VM definitions
2016-12-16 02:42:30,247 - Velocimacro : allowInlineLocal = false : VMs defined inline will be global in scope if allowed.
2016-12-16 02:42:30,247 - Velocimacro : autoload off : VM system will not automatically reload global library macros
2018-05-31 23:29:07,955 - Log4JLogChute initialized using file 'velocity.log'
2018-05-31 23:29:07,955 - Velocity was not initialized! Calling init()...
2018-05-31 23:29:07,955 - Starting Apache Velocity v1.5 (compiled: 2007-02-22 08:52:29)
2018-05-31 23:29:07,955 - Default Properties File: org\apache\velocity\runtime\defaults\velocity.properties
2018-05-31 23:29:07,955 - Trying to use logger class org.apache.velocity.runtime.log.AvalonLogChute
2018-05-31 23:29:07,955 - Couldn't find class org.apache.velocity.runtime.log.AvalonLogChute or necessary supporting classes in classpath.
java.lang.NoClassDefFoundError: org/apache/log/format/Formatter
	at java.lang.Class.forName0(Native Method)
	at java.lang.Class.forName(Class.java:348)
	at org.apache.velocity.util.ClassUtils.getClass(ClassUtils.java:63)
	at org.apache.velocity.util.ClassUtils.getNewInstance(ClassUtils.java:95)
	at org.apache.velocity.runtime.log.LogManager.createLogChute(LogManager.java:147)
	at org.apache.velocity.runtime.log.LogManager.updateLog(LogManager.java:208)
	at org.apache.velocity.runtime.RuntimeInstance.initializeLog(RuntimeInstance.java:728)
	at org.apache.velocity.runtime.RuntimeInstance.init(RuntimeInstance.java:240)
	at org.apache.velocity.runtime.RuntimeInstance.parse(RuntimeInstance.java:993)
	at org.apache.velocity.runtime.RuntimeInstance.parse(RuntimeInstance.java:972)
	at org.apache.velocity.runtime.RuntimeSingleton.parse(RuntimeSingleton.java:265)
	at org.apache.velocity.app.Velocity.evaluate(Velocity.java:274)
	at org.sonatype.mavenbook.weather.WeatherFormatter.format(WeatherFormatter.java:21)
	at org.sonatype.mavenbook.weather.yahoo.WeatherFormatterTest.testFormat(WeatherFormatterTest.java:23)
	at sun.reflect.NativeMethodAccessorImpl.invoke0(Native Method)
	at sun.reflect.NativeMethodAccessorImpl.invoke(NativeMethodAccessorImpl.java:62)
	at sun.reflect.DelegatingMethodAccessorImpl.invoke(DelegatingMethodAccessorImpl.java:43)
	at java.lang.reflect.Method.invoke(Method.java:498)
	at junit.framework.TestCase.runTest(TestCase.java:176)
	at junit.framework.TestCase.runBare(TestCase.java:141)
	at junit.framework.TestResult$1.protect(TestResult.java:122)
	at junit.framework.TestResult.runProtected(TestResult.java:142)
	at junit.framework.TestResult.run(TestResult.java:125)
	at junit.framework.TestCase.run(TestCase.java:129)
	at junit.framework.TestSuite.runTest(TestSuite.java:252)
	at junit.framework.TestSuite.run(TestSuite.java:247)
	at org.junit.internal.runners.JUnit38ClassRunner.run(JUnit38ClassRunner.java:86)
	at org.apache.maven.surefire.junit4.JUnit4Provider.execute(JUnit4Provider.java:252)
	at org.apache.maven.surefire.junit4.JUnit4Provider.executeTestSet(JUnit4Provider.java:141)
	at org.apache.maven.surefire.junit4.JUnit4Provider.invoke(JUnit4Provider.java:112)
	at sun.reflect.NativeMethodAccessorImpl.invoke0(Native Method)
	at sun.reflect.NativeMethodAccessorImpl.invoke(NativeMethodAccessorImpl.java:62)
	at sun.reflect.DelegatingMethodAccessorImpl.invoke(DelegatingMethodAccessorImpl.java:43)
	at java.lang.reflect.Method.invoke(Method.java:498)
	at org.apache.maven.surefire.util.ReflectionUtils.invokeMethodWithArray(ReflectionUtils.java:189)
	at org.apache.maven.surefire.booter.ProviderFactory$ProviderProxy.invoke(ProviderFactory.java:165)
	at org.apache.maven.surefire.booter.ProviderFactory.invokeProvider(ProviderFactory.java:85)
	at org.apache.maven.surefire.booter.ForkedBooter.runSuitesInProcess(ForkedBooter.java:115)
	at org.apache.maven.surefire.booter.ForkedBooter.main(ForkedBooter.java:75)
Caused by: java.lang.ClassNotFoundException: org.apache.log.format.Formatter
	at java.net.URLClassLoader.findClass(URLClassLoader.java:381)
	at java.lang.ClassLoader.loadClass(ClassLoader.java:424)
	at sun.misc.Launcher$AppClassLoader.loadClass(Launcher.java:349)
	at java.lang.ClassLoader.loadClass(ClassLoader.java:357)
	... 39 more
2018-05-31 23:29:07,967 - Trying to use logger class org.apache.velocity.runtime.log.Log4JLogChute
2018-05-31 23:29:07,967 - Using logger class org.apache.velocity.runtime.log.Log4JLogChute
2018-05-31 23:29:07,968 - Default ResourceManager initializing. (class org.apache.velocity.runtime.resource.ResourceManagerImpl)
2018-05-31 23:29:07,968 - ResourceLoader instantiated: org.apache.velocity.runtime.resource.loader.FileResourceLoader
2018-05-31 23:29:07,968 - Do unicode file recognition:  false
2018-05-31 23:29:07,968 - FileResourceLoader : adding path '.'
2018-05-31 23:29:07,979 - ResourceCache: initialized (class org.apache.velocity.runtime.resource.ResourceCacheImpl)
2018-05-31 23:29:07,979 - Loaded System Directive: org.apache.velocity.runtime.directive.Literal
2018-05-31 23:29:07,995 - Loaded System Directive: org.apache.velocity.runtime.directive.Macro
2018-05-31 23:29:07,996 - Loaded System Directive: org.apache.velocity.runtime.directive.Parse
2018-05-31 23:29:07,999 - Loaded System Directive: org.apache.velocity.runtime.directive.Include
2018-05-31 23:29:07,999 - Loaded System Directive: org.apache.velocity.runtime.directive.Foreach
2018-05-31 23:29:08,037 - Created '20' parsers.
2018-05-31 23:29:08,039 - Velocimacro : "velocimacro.library" is not set.  Trying default library: VM_global_library.vm
2018-05-31 23:29:08,039 - Velocimacro : Default library not found.
2018-05-31 23:29:08,039 - Velocimacro : allowInline = true : VMs can be defined inline in templates
2018-05-31 23:29:08,039 - Velocimacro : allowInlineToOverride = false : VMs defined inline may NOT replace previous VM definitions
2018-05-31 23:29:08,039 - Velocimacro : allowInlineLocal = false : VMs defined inline will be global in scope if allowed.
2018-05-31 23:29:08,039 - Velocimacro : autoload off : VM system will not automatically reload global library macros
